[0921/092514.144:ERROR:crash_report_database_win.cc(469)] failed to stat report
[0921/092514.144:ERROR:crash_report_database_win.cc(469)] failed to stat report
[0921/092514.144:ERROR:crash_report_database_win.cc(469)] failed to stat report
[0921/092514.144:ERROR:crash_report_database_win.cc(469)] failed to stat report
[0922/091851.923:ERROR:crash_report_database_win.cc(469)] failed to stat report
[0922/091851.924:ERROR:crash_report_database_win.cc(469)] failed to stat report
[0922/091851.924:ERROR:crash_report_database_win.cc(469)] failed to stat report
[0922/091851.924:ERROR:crash_report_database_win.cc(469)] failed to stat report
[0922/092113.982:ERROR:crash_report_database_win.cc(469)] failed to stat report
[0922/092113.983:ERROR:crash_report_database_win.cc(469)] failed to stat report
[0922/092113.984:ERROR:crash_report_database_win.cc(469)] failed to stat report
[0922/092113.984:ERROR:crash_report_database_win.cc(469)] failed to stat report
[1008/141552.105:ERROR:crash_report_database_win.cc(469)] failed to stat report
[1008/141552.105:ERROR:crash_report_database_win.cc(469)] failed to stat report
[1008/141552.105:ERROR:crash_report_database_win.cc(469)] failed to stat report
[1008/141552.105:ERROR:crash_report_database_win.cc(469)] failed to stat report
[1008/145010.997:ERROR:crash_report_database_win.cc(469)] failed to stat report
[1008/145010.998:ERROR:crash_report_database_win.cc(469)] failed to stat report
[1008/145010.998:ERROR:crash_report_database_win.cc(469)] failed to stat report
[1008/145010.998:ERROR:crash_report_database_win.cc(469)] failed to stat report
[1008/145508.372:ERROR:crash_report_database_win.cc(469)] failed to stat report
[1008/145508.373:ERROR:crash_report_database_win.cc(469)] failed to stat report
[1008/145508.373:ERROR:crash_report_database_win.cc(469)] failed to stat report
[1008/145508.373:ERROR:crash_report_database_win.cc(469)] failed to stat report
[1008/145525.610:ERROR:crash_report_database_win.cc(469)] failed to stat report
[1008/145525.611:ERROR:crash_report_database_win.cc(469)] failed to stat report
[1008/145525.611:ERROR:crash_report_database_win.cc(469)] failed to stat report
[1008/145525.611:ERROR:crash_report_database_win.cc(469)] failed to stat report
[1231/201248.562:ERROR:directory_reader_win.cc(43)] FindFirstFile: The system cannot find the path specified. (0x3)
[0105/140926.060:ERROR:directory_reader_win.cc(43)] FindFirstFile: The system cannot find the path specified. (0x3)
[0105/170019.676:ERROR:process_info.cc(329)] VirtualQueryEx: Access is denied. (0x5)
[0105/170019.676:ERROR:process_info.cc(556)] ReadMemoryInfo failed
[0105/170019.676:ERROR:process_memory_win.cc(39)] Failed to initialize ProcessInfo.
[0105/170019.676:ERROR:scoped_process_suspend.cc(40)] NtResumeProcess: An attempt was made to access an exiting process. (0xc000010a)
